[Debug](,0,default) App Start
[Debug](,0,default) ------------------------------------------------------
[Debug](,0,default) Sys locale language: "fran?ais"  -  "fr"
[Debug](,0,default) Apply translation file: "joy_upd_fr" Result: true
[Debug](,0,default) Screen Logical DPI: 96 Scale factor: 1
[Debug](,0,default) Fw file found: "cube_fw_v5.07.hex"
[Debug](,0,default) Choosen fw version: "5.07"
[Debug](,0,default) New drive name: "JOYEUSE-507"
[Critical](,0,) EnableNonClientDpiScaling() failed for HWND 0x20060 (120) (Appel non impl?ment?.)
[Debug](,0,default) Select page: "Drive Detect"
[Debug](,0,default) Search for a Joyeuse drive...
[Debug](,0,default) Stop:  "DRIVE_OP_SEARCH"
[Debug](,0,default) Progress: "DRIVE_OP_SEARCH" : 100
[Debug](,0,default) Drive found: "NO NAME (D:)" "\\\\?\\Volume{...}\\" 125 MB
[Debug](,0,default) Cube variant: 0
[Debug](,0,default) Cubes current content lang: "FRANCAIS"
[Debug](,0,default) Available content langs in the app folder: ("FRANCAIS")
[Debug](,0,default) Select page: "Drive Select"
[Debug](,0,default) Select page: "Ask For Backup"
[Debug](,0,default) Select page: "Format Progress"
[Debug](,0,default) Progress: "DRIVE_OP_FORMAT" : 0
[Critical](,0,default) Drive format failed
[Debug](,0,default) Stop:  "DRIVE_OP_FORMAT"
[Debug](,0,default) Progress: "DRIVE_OP_FORMAT" : -1
[Debug](,0,default) Select page: "Error"
[Critical](,0,default) Error: "006"
